2024-08-03T00:00:04.115+01:00 DEBUG 38667 --- [variantchessgame] [http-nio-5050-exec-8] o.s.web.servlet.DispatcherServlet        : POST "/api/game/validMoves", parameters={}
2024-08-03T00:00:04.122+01:00 DEBUG 38667 --- [variantchessgame] [http-nio-5050-exec-8] s.w.s.m.m.a.RequestMappingHandlerMapping : Mapped to uk.ac.standrews.variantchessgame.controller.GameController#getValidMoves(ValidMovesRequest)
2024-08-03T00:00:04.122+01:00 DEBUG 38667 --- [variantchessgame] [http-nio-5050-exec-8] m.m.a.RequestResponseBodyMethodProcessor : Read "application/json;charset=UTF-8" to [uk.ac.standrews.variantchessgame.controller.GameController$ValidMovesRequest@7eff907b]
2024-08-03T00:00:04.123+01:00 DEBUG 38667 --- [variantchessgame] [http-nio-5050-exec-8] m.m.a.RequestResponseBodyMethodProcessor : Using 'application/json', given [*/*] and supported [application/json, application/*+json]
2024-08-03T00:00:04.123+01:00 DEBUG 38667 --- [variantchessgame] [http-nio-5050-exec-8] m.m.a.RequestResponseBodyMethodProcessor : Writing [[uk.ac.standrews.variantchessgame.model.VariantChessMove@2653db82, uk.ac.standrews.variantchessgame. (truncated)...]
2024-08-03T00:00:04.124+01:00 DEBUG 38667 --- [variantchessgame] [http-nio-5050-exec-8] o.s.web.servlet.DispatcherServlet        : Completed 200 OK
2024-08-03T00:00:05.574+01:00 DEBUG 38667 --- [variantchessgame] [http-nio-5050-exec-9] o.s.web.servlet.DispatcherServlet        : POST "/api/game/validMoves", parameters={}
2024-08-03T00:00:05.574+01:00 DEBUG 38667 --- [variantchessgame] [http-nio-5050-exec-9] s.w.s.m.m.a.RequestMappingHandlerMapping : Mapped to uk.ac.standrews.variantchessgame.controller.GameController#getValidMoves(ValidMovesRequest)
2024-08-03T00:00:05.575+01:00 DEBUG 38667 --- [variantchessgame] [http-nio-5050-exec-9] m.m.a.RequestResponseBodyMethodProcessor : Read "application/json;charset=UTF-8" to [uk.ac.standrews.variantchessgame.controller.GameController$ValidMovesRequest@2eec7796]
2024-08-03T00:00:05.576+01:00 DEBUG 38667 --- [variantchessgame] [http-nio-5050-exec-9] m.m.a.RequestResponseBodyMethodProcessor : Using 'application/json', given [*/*] and supported [application/json, application/*+json]
2024-08-03T00:00:05.577+01:00 DEBUG 38667 --- [variantchessgame] [http-nio-5050-exec-9] m.m.a.RequestResponseBodyMethodProcessor : Writing [[uk.ac.standrews.variantchessgame.model.VariantChessMove@384fad15, uk.ac.standrews.variantchessgame. (truncated)...]
2024-08-03T00:00:05.578+01:00 DEBUG 38667 --- [variantchessgame] [http-nio-5050-exec-9] o.s.web.servlet.DispatcherServlet        : Completed 200 OK
2024-08-03T00:00:07.618+01:00 DEBUG 38667 --- [variantchessgame] [http-nio-5050-exec-10] o.s.web.servlet.DispatcherServlet        : POST "/api/game/movePawn", parameters={}
2024-08-03T00:00:07.619+01:00 DEBUG 38667 --- [variantchessgame] [http-nio-5050-exec-10] s.w.s.m.m.a.RequestMappingHandlerMapping : Mapped to uk.ac.standrews.variantchessgame.controller.GameController#movePawn(VariantChessMove)
2024-08-03T00:00:07.619+01:00 DEBUG 38667 --- [variantchessgame] [http-nio-5050-exec-10] m.m.a.RequestResponseBodyMethodProcessor : Read "application/json;charset=UTF-8" to [uk.ac.standrews.variantchessgame.model.VariantChessMove@51d8120]
2024-08-03T00:00:07.620+01:00 DEBUG 38667 --- [variantchessgame] [http-nio-5050-exec-10] m.m.a.RequestResponseBodyMethodProcessor : Using 'text/plain', given [*/*] and supported [text/plain, */*, application/json, application/*+json]
2024-08-03T00:00:07.620+01:00 DEBUG 38667 --- [variantchessgame] [http-nio-5050-exec-10] m.m.a.RequestResponseBodyMethodProcessor : Writing ["INVALID_MOVE"]
2024-08-03T00:00:07.621+01:00 DEBUG 38667 --- [variantchessgame] [http-nio-5050-exec-10] o.s.web.servlet.DispatcherServlet        : Completed 200 OK
2024-08-03T00:00:08.653+01:00 DEBUG 38667 --- [variantchessgame] [http-nio-5050-exec-1] o.s.web.servlet.DispatcherServlet        : POST "/api/game/validMoves", parameters={}
2024-08-03T00:00:08.653+01:00 DEBUG 38667 --- [variantchessgame] [http-nio-5050-exec-1] s.w.s.m.m.a.RequestMappingHandlerMapping : Mapped to uk.ac.standrews.variantchessgame.controller.GameController#getValidMoves(ValidMovesRequest)
2024-08-03T00:00:08.654+01:00 DEBUG 38667 --- [variantchessgame] [http-nio-5050-exec-1] m.m.a.RequestResponseBodyMethodProcessor : Read "application/json;charset=UTF-8" to [uk.ac.standrews.variantchessgame.controller.GameController$ValidMovesRequest@14b129ef]
2024-08-03T00:00:08.654+01:00 DEBUG 38667 --- [variantchessgame] [http-nio-5050-exec-1] m.m.a.RequestResponseBodyMethodProcessor : Using 'application/json', given [*/*] and supported [application/json, application/*+json]
2024-08-03T00:00:08.654+01:00 DEBUG 38667 --- [variantchessgame] [http-nio-5050-exec-1] m.m.a.RequestResponseBodyMethodProcessor : Writing [[uk.ac.standrews.variantchessgame.model.VariantChessMove@3a6a84be, uk.ac.standrews.variantchessgame. (truncated)...]
2024-08-03T00:00:08.655+01:00 DEBUG 38667 --- [variantchessgame] [http-nio-5050-exec-1] o.s.web.servlet.DispatcherServlet        : Completed 200 OK
2024-08-03T00:00:08.695+01:00 DEBUG 38667 --- [variantchessgame] [http-nio-5050-exec-4] o.s.web.servlet.DispatcherServlet        : POST "/api/game/validMoves", parameters={}
2024-08-03T00:00:08.695+01:00 DEBUG 38667 --- [variantchessgame] [http-nio-5050-exec-4] s.w.s.m.m.a.RequestMappingHandlerMapping : Mapped to uk.ac.standrews.variantchessgame.controller.GameController#getValidMoves(ValidMovesRequest)
2024-08-03T00:00:08.696+01:00 DEBUG 38667 --- [variantchessgame] [http-nio-5050-exec-4] m.m.a.RequestResponseBodyMethodProcessor : Read "application/json;charset=UTF-8" to [uk.ac.standrews.variantchessgame.controller.GameController$ValidMovesRequest@e2bd781]
2024-08-03T00:00:08.696+01:00 DEBUG 38667 --- [variantchessgame] [http-nio-5050-exec-4] m.m.a.RequestResponseBodyMethodProcessor : Using 'application/json', given [*/*] and supported [application/json, application/*+json]
2024-08-03T00:00:08.696+01:00 DEBUG 38667 --- [variantchessgame] [http-nio-5050-exec-4] m.m.a.RequestResponseBodyMethodProcessor : Writing [[uk.ac.standrews.variantchessgame.model.VariantChessMove@56fbe092, uk.ac.standrews.variantchessgame. (truncated)...]
2024-08-03T00:00:08.696+01:00 DEBUG 38667 --- [variantchessgame] [http-nio-5050-exec-4] o.s.web.servlet.DispatcherServlet        : Completed 200 OK
2024-08-03T00:00:08.712+01:00 DEBUG 38667 --- [variantchessgame] [http-nio-5050-exec-2] o.s.web.servlet.DispatcherServlet        : POST "/api/game/validMoves", parameters={}
2024-08-03T00:00:08.713+01:00 DEBUG 38667 --- [variantchessgame] [http-nio-5050-exec-2] s.w.s.m.m.a.RequestMappingHandlerMapping : Mapped to uk.ac.standrews.variantchessgame.controller.GameController#getValidMoves(ValidMovesRequest)
2024-08-03T00:00:08.713+01:00 DEBUG 38667 --- [variantchessgame] [http-nio-5050-exec-2] m.m.a.RequestResponseBodyMethodProcessor : Read "application/json;charset=UTF-8" to [uk.ac.standrews.variantchessgame.controller.GameController$ValidMovesRequest@671ed8f9]
2024-08-03T00:00:08.718+01:00 DEBUG 38667 --- [variantchessgame] [http-nio-5050-exec-2] m.m.a.RequestResponseBodyMethodProcessor : Using 'application/json', given [*/*] and supported [application/json, application/*+json]
2024-08-03T00:00:08.718+01:00 DEBUG 38667 --- [variantchessgame] [http-nio-5050-exec-2] m.m.a.RequestResponseBodyMethodProcessor : Writing [[]]
2024-08-03T00:00:08.718+01:00 DEBUG 38667 --- [variantchessgame] [http-nio-5050-exec-2] o.s.web.servlet.DispatcherServlet        : Completed 200 OK
2024-08-03T00:00:08.736+01:00 DEBUG 38667 --- [variantchessgame] [http-nio-5050-exec-3] o.s.web.servlet.DispatcherServlet        : POST "/api/game/validMoves", parameters={}
2024-08-03T00:00:08.737+01:00 DEBUG 38667 --- [variantchessgame] [http-nio-5050-exec-3] s.w.s.m.m.a.RequestMappingHandlerMapping : Mapped to uk.ac.standrews.variantchessgame.controller.GameController#getValidMoves(ValidMovesRequest)
2024-08-03T00:00:08.737+01:00 DEBUG 38667 --- [variantchessgame] [http-nio-5050-exec-3] m.m.a.RequestResponseBodyMethodProcessor : Read "application/json;charset=UTF-8" to [uk.ac.standrews.variantchessgame.controller.GameController$ValidMovesRequest@5c808bee]
2024-08-03T00:00:08.737+01:00 DEBUG 38667 --- [variantchessgame] [http-nio-5050-exec-3] m.m.a.RequestResponseBodyMethodProcessor : Using 'application/json', given [*/*] and supported [application/json, application/*+json]
2024-08-03T00:00:08.737+01:00 DEBUG 38667 --- [variantchessgame] [http-nio-5050-exec-3] m.m.a.RequestResponseBodyMethodProcessor : Writing [[uk.ac.standrews.variantchessgame.model.VariantChessMove@d453893, uk.ac.standrews.variantchessgame.m (truncated)...]
2024-08-03T00:00:08.738+01:00 DEBUG 38667 --- [variantchessgame] [http-nio-5050-exec-3] o.s.web.servlet.DispatcherServlet        : Completed 200 OK
2024-08-03T00:00:08.761+01:00 DEBUG 38667 --- [variantchessgame] [http-nio-5050-exec-5] o.s.web.servlet.DispatcherServlet        : POST "/api/game/validMoves", parameters={}
2024-08-03T00:00:08.761+01:00 DEBUG 38667 --- [variantchessgame] [http-nio-5050-exec-5] s.w.s.m.m.a.RequestMappingHandlerMapping : Mapped to uk.ac.standrews.variantchessgame.controller.GameController#getValidMoves(ValidMovesRequest)
2024-08-03T00:00:08.762+01:00 DEBUG 38667 --- [variantchessgame] [http-nio-5050-exec-5] m.m.a.RequestResponseBodyMethodProcessor : Read "application/json;charset=UTF-8" to [uk.ac.standrews.variantchessgame.controller.GameController$ValidMovesRequest@75e8de7e]
2024-08-03T00:00:08.762+01:00 DEBUG 38667 --- [variantchessgame] [http-nio-5050-exec-5] m.m.a.RequestResponseBodyMethodProcessor : Using 'application/json', given [*/*] and supported [application/json, application/*+json]
2024-08-03T00:00:08.762+01:00 DEBUG 38667 --- [variantchessgame] [http-nio-5050-exec-5] m.m.a.RequestResponseBodyMethodProcessor : Writing [[uk.ac.standrews.variantchessgame.model.VariantChessMove@265fa547, uk.ac.standrews.variantchessgame. (truncated)...]
2024-08-03T00:00:08.762+01:00 DEBUG 38667 --- [variantchessgame] [http-nio-5050-exec-5] o.s.web.servlet.DispatcherServlet        : Completed 200 OK
2024-08-03T00:00:08.819+01:00 DEBUG 38667 --- [variantchessgame] [http-nio-5050-exec-6] o.s.web.servlet.DispatcherServlet        : POST "/api/game/validMoves", parameters={}
2024-08-03T00:00:08.820+01:00 DEBUG 38667 --- [variantchessgame] [http-nio-5050-exec-6] s.w.s.m.m.a.RequestMappingHandlerMapping : Mapped to uk.ac.standrews.variantchessgame.controller.GameController#getValidMoves(ValidMovesRequest)
2024-08-03T00:00:08.820+01:00 DEBUG 38667 --- [variantchessgame] [http-nio-5050-exec-6] m.m.a.RequestResponseBodyMethodProcessor : Read "application/json;charset=UTF-8" to [uk.ac.standrews.variantchessgame.controller.GameController$ValidMovesRequest@13972416]
2024-08-03T00:00:08.821+01:00 DEBUG 38667 --- [variantchessgame] [http-nio-5050-exec-6] m.m.a.RequestResponseBodyMethodProcessor : Using 'application/json', given [*/*] and supported [application/json, application/*+json]
2024-08-03T00:00:08.821+01:00 DEBUG 38667 --- [variantchessgame] [http-nio-5050-exec-6] m.m.a.RequestResponseBodyMethodProcessor : Writing [[uk.ac.standrews.variantchessgame.model.VariantChessMove@410b4661, uk.ac.standrews.variantchessgame. (truncated)...]
2024-08-03T00:00:08.822+01:00 DEBUG 38667 --- [variantchessgame] [http-nio-5050-exec-6] o.s.web.servlet.DispatcherServlet        : Completed 200 OK
2024-08-03T00:00:09.061+01:00 DEBUG 38667 --- [variantchessgame] [http-nio-5050-exec-7] o.s.web.servlet.DispatcherServlet        : POST "/api/game/validMoves", parameters={}
2024-08-03T00:00:09.061+01:00 DEBUG 38667 --- [variantchessgame] [http-nio-5050-exec-7] s.w.s.m.m.a.RequestMappingHandlerMapping : Mapped to uk.ac.standrews.variantchessgame.controller.GameController#getValidMoves(ValidMovesRequest)
2024-08-03T00:00:09.062+01:00 DEBUG 38667 --- [variantchessgame] [http-nio-5050-exec-7] m.m.a.RequestResponseBodyMethodProcessor : Read "application/json;charset=UTF-8" to [uk.ac.standrews.variantchessgame.controller.GameController$ValidMovesRequest@36c1e505]
2024-08-03T00:00:09.062+01:00 DEBUG 38667 --- [variantchessgame] [http-nio-5050-exec-7] m.m.a.RequestResponseBodyMethodProcessor : Using 'application/json', given [*/*] and supported [application/json, application/*+json]
2024-08-03T00:00:09.062+01:00 DEBUG 38667 --- [variantchessgame] [http-nio-5050-exec-7] m.m.a.RequestResponseBodyMethodProcessor : Writing [[uk.ac.standrews.variantchessgame.model.VariantChessMove@2e3fc4dc, uk.ac.standrews.variantchessgame. (truncated)...]
2024-08-03T00:00:09.062+01:00 DEBUG 38667 --- [variantchessgame] [http-nio-5050-exec-7] o.s.web.servlet.DispatcherServlet        : Completed 200 OK
2024-08-03T00:00:09.787+01:00 DEBUG 38667 --- [variantchessgame] [http-nio-5050-exec-8] o.s.web.servlet.DispatcherServlet        : POST "/api/game/moveCannon", parameters={}
2024-08-03T00:00:09.787+01:00 DEBUG 38667 --- [variantchessgame] [http-nio-5050-exec-8] s.w.s.m.m.a.RequestMappingHandlerMapping : Mapped to uk.ac.standrews.variantchessgame.controller.GameController#moveCannon(VariantChessMove)
2024-08-03T00:00:09.787+01:00 DEBUG 38667 --- [variantchessgame] [http-nio-5050-exec-8] m.m.a.RequestResponseBodyMethodProcessor : Read "application/json;charset=UTF-8" to [uk.ac.standrews.variantchessgame.model.VariantChessMove@21c2264d]
2024-08-03T00:00:09.788+01:00 DEBUG 38667 --- [variantchessgame] [http-nio-5050-exec-8] m.m.a.RequestResponseBodyMethodProcessor : Using 'text/plain', given [*/*] and supported [text/plain, */*, application/json, application/*+json]
2024-08-03T00:00:09.788+01:00 DEBUG 38667 --- [variantchessgame] [http-nio-5050-exec-8] m.m.a.RequestResponseBodyMethodProcessor : Writing ["VALID_MOVE"]
2024-08-03T00:00:09.789+01:00 DEBUG 38667 --- [variantchessgame] [http-nio-5050-exec-8] o.s.web.servlet.DispatcherServlet        : Completed 200 OK
2024-08-03T00:00:09.791+01:00 DEBUG 38667 --- [variantchessgame] [http-nio-5050-exec-9] o.s.web.servlet.DispatcherServlet        : GET "/api/game/board", parameters={}
2024-08-03T00:00:09.791+01:00 DEBUG 38667 --- [variantchessgame] [http-nio-5050-exec-9] s.w.s.m.m.a.RequestMappingHandlerMapping : Mapped to uk.ac.standrews.variantchessgame.controller.GameController#getBoard()
2024-08-03T00:00:09.792+01:00 DEBUG 38667 --- [variantchessgame] [http-nio-5050-exec-9] m.m.a.RequestResponseBodyMethodProcessor : Using 'application/json', given [*/*] and supported [application/json, application/*+json]
2024-08-03T00:00:09.792+01:00 DEBUG 38667 --- [variantchessgame] [http-nio-5050-exec-9] m.m.a.RequestResponseBodyMethodProcessor : Writing [{[Luk.ac.standrews.variantchessgame.model.VariantChessPiece;@6bb0bcbc, [Luk.ac.standrews.variantches (truncated)...]
2024-08-03T00:00:09.792+01:00 DEBUG 38667 --- [variantchessgame] [http-nio-5050-exec-9] o.s.web.servlet.DispatcherServlet        : Completed 200 OK
2024-08-03T00:00:09.796+01:00 DEBUG 38667 --- [variantchessgame] [http-nio-5050-exec-10] o.s.web.servlet.DispatcherServlet        : POST "/api/game/validMoves", parameters={}
2024-08-03T00:00:09.796+01:00 DEBUG 38667 --- [variantchessgame] [http-nio-5050-exec-10] s.w.s.m.m.a.RequestMappingHandlerMapping : Mapped to uk.ac.standrews.variantchessgame.controller.GameController#getValidMoves(ValidMovesRequest)
2024-08-03T00:00:09.796+01:00 DEBUG 38667 --- [variantchessgame] [http-nio-5050-exec-10] m.m.a.RequestResponseBodyMethodProcessor : Read "application/json;charset=UTF-8" to [uk.ac.standrews.variantchessgame.controller.GameController$ValidMovesRequest@795434]
2024-08-03T00:00:09.796+01:00 DEBUG 38667 --- [variantchessgame] [http-nio-5050-exec-10] m.m.a.RequestResponseBodyMethodProcessor : Using 'application/json', given [*/*] and supported [application/json, application/*+json]
2024-08-03T00:00:09.796+01:00 DEBUG 38667 --- [variantchessgame] [http-nio-5050-exec-10] m.m.a.RequestResponseBodyMethodProcessor : Writing [[uk.ac.standrews.variantchessgame.model.VariantChessMove@3ca3497, uk.ac.standrews.variantchessgame.m (truncated)...]
2024-08-03T00:00:09.796+01:00 DEBUG 38667 --- [variantchessgame] [http-nio-5050-exec-10] o.s.web.servlet.DispatcherServlet        : Completed 200 OK
2024-08-03T00:00:10.112+01:00 DEBUG 38667 --- [variantchessgame] [http-nio-5050-exec-1] o.s.web.servlet.DispatcherServlet        : POST "/api/game/validMoves", parameters={}
2024-08-03T00:00:10.112+01:00 DEBUG 38667 --- [variantchessgame] [http-nio-5050-exec-1] s.w.s.m.m.a.RequestMappingHandlerMapping : Mapped to uk.ac.standrews.variantchessgame.controller.GameController#getValidMoves(ValidMovesRequest)
2024-08-03T00:00:10.113+01:00 DEBUG 38667 --- [variantchessgame] [http-nio-5050-exec-1] m.m.a.RequestResponseBodyMethodProcessor : Read "application/json;charset=UTF-8" to [uk.ac.standrews.variantchessgame.controller.GameController$ValidMovesRequest@63ff2f74]
2024-08-03T00:00:10.113+01:00 DEBUG 38667 --- [variantchessgame] [http-nio-5050-exec-1] m.m.a.RequestResponseBodyMethodProcessor : Using 'application/json', given [*/*] and supported [application/json, application/*+json]
2024-08-03T00:00:10.114+01:00 DEBUG 38667 --- [variantchessgame] [http-nio-5050-exec-1] m.m.a.RequestResponseBodyMethodProcessor : Writing [[uk.ac.standrews.variantchessgame.model.VariantChessMove@7e9c8cb5, uk.ac.standrews.variantchessgame. (truncated)...]
2024-08-03T00:00:10.114+01:00 DEBUG 38667 --- [variantchessgame] [http-nio-5050-exec-1] o.s.web.servlet.DispatcherServlet        : Completed 200 OK
2024-08-03T00:00:11.306+01:00 DEBUG 38667 --- [variantchessgame] [http-nio-5050-exec-4] o.s.web.servlet.DispatcherServlet        : POST "/api/game/moveQueen", parameters={}
2024-08-03T00:00:11.306+01:00 DEBUG 38667 --- [variantchessgame] [http-nio-5050-exec-4] s.w.s.m.m.a.RequestMappingHandlerMapping : Mapped to uk.ac.standrews.variantchessgame.controller.GameController#moveQueen(VariantChessMove)
2024-08-03T00:00:11.307+01:00 DEBUG 38667 --- [variantchessgame] [http-nio-5050-exec-4] m.m.a.RequestResponseBodyMethodProcessor : Read "application/json;charset=UTF-8" to [uk.ac.standrews.variantchessgame.model.VariantChessMove@4df4a4a6]
2024-08-03T00:00:11.308+01:00 DEBUG 38667 --- [variantchessgame] [http-nio-5050-exec-4] m.m.a.RequestResponseBodyMethodProcessor : Using 'text/plain', given [*/*] and supported [text/plain, */*, application/json, application/*+json]
2024-08-03T00:00:11.308+01:00 DEBUG 38667 --- [variantchessgame] [http-nio-5050-exec-4] m.m.a.RequestResponseBodyMethodProcessor : Writing ["VALID_MOVE"]
2024-08-03T00:00:11.308+01:00 DEBUG 38667 --- [variantchessgame] [http-nio-5050-exec-4] o.s.web.servlet.DispatcherServlet        : Completed 200 OK
2024-08-03T00:00:11.312+01:00 DEBUG 38667 --- [variantchessgame] [http-nio-5050-exec-2] o.s.web.servlet.DispatcherServlet        : GET "/api/game/board", parameters={}
2024-08-03T00:00:11.313+01:00 DEBUG 38667 --- [variantchessgame] [http-nio-5050-exec-2] s.w.s.m.m.a.RequestMappingHandlerMapping : Mapped to uk.ac.standrews.variantchessgame.controller.GameController#getBoard()
2024-08-03T00:00:11.313+01:00 DEBUG 38667 --- [variantchessgame] [http-nio-5050-exec-2] m.m.a.RequestResponseBodyMethodProcessor : Using 'application/json', given [*/*] and supported [application/json, application/*+json]
2024-08-03T00:00:11.313+01:00 DEBUG 38667 --- [variantchessgame] [http-nio-5050-exec-2] m.m.a.RequestResponseBodyMethodProcessor : Writing [{[Luk.ac.standrews.variantchessgame.model.VariantChessPiece;@6bb0bcbc, [Luk.ac.standrews.variantches (truncated)...]
2024-08-03T00:00:11.313+01:00 DEBUG 38667 --- [variantchessgame] [http-nio-5050-exec-2] o.s.web.servlet.DispatcherServlet        : Completed 200 OK
2024-08-03T00:00:11.319+01:00 DEBUG 38667 --- [variantchessgame] [http-nio-5050-exec-3] o.s.web.servlet.DispatcherServlet        : POST "/api/game/validMoves", parameters={}
2024-08-03T00:00:11.319+01:00 DEBUG 38667 --- [variantchessgame] [http-nio-5050-exec-3] s.w.s.m.m.a.RequestMappingHandlerMapping : Mapped to uk.ac.standrews.variantchessgame.controller.GameController#getValidMoves(ValidMovesRequest)
2024-08-03T00:00:11.320+01:00 DEBUG 38667 --- [variantchessgame] [http-nio-5050-exec-3] m.m.a.RequestResponseBodyMethodProcessor : Read "application/json;charset=UTF-8" to [uk.ac.standrews.variantchessgame.controller.GameController$ValidMovesRequest@1ddea9cc]
2024-08-03T00:00:11.320+01:00 DEBUG 38667 --- [variantchessgame] [http-nio-5050-exec-3] m.m.a.RequestResponseBodyMethodProcessor : Using 'application/json', given [*/*] and supported [application/json, application/*+json]
2024-08-03T00:00:11.320+01:00 DEBUG 38667 --- [variantchessgame] [http-nio-5050-exec-3] m.m.a.RequestResponseBodyMethodProcessor : Writing [[uk.ac.standrews.variantchessgame.model.VariantChessMove@45d99e62, uk.ac.standrews.variantchessgame. (truncated)...]
2024-08-03T00:00:11.320+01:00 DEBUG 38667 --- [variantchessgame] [http-nio-5050-exec-3] o.s.web.servlet.DispatcherServlet        : Completed 200 OK
2024-08-03T00:00:17.961+01:00 DEBUG 38667 --- [variantchessgame] [http-nio-5050-exec-5] o.s.web.servlet.DispatcherServlet        : POST "/api/game/validMoves", parameters={}
2024-08-03T00:00:17.961+01:00 DEBUG 38667 --- [variantchessgame] [http-nio-5050-exec-5] s.w.s.m.m.a.RequestMappingHandlerMapping : Mapped to uk.ac.standrews.variantchessgame.controller.GameController#getValidMoves(ValidMovesRequest)
2024-08-03T00:00:17.962+01:00 DEBUG 38667 --- [variantchessgame] [http-nio-5050-exec-5] m.m.a.RequestResponseBodyMethodProcessor : Read "application/json;charset=UTF-8" to [uk.ac.standrews.variantchessgame.controller.GameController$ValidMovesRequest@3426a38a]
2024-08-03T00:00:17.962+01:00 DEBUG 38667 --- [variantchessgame] [http-nio-5050-exec-5] m.m.a.RequestResponseBodyMethodProcessor : Using 'application/json', given [*/*] and supported [application/json, application/*+json]
2024-08-03T00:00:17.962+01:00 DEBUG 38667 --- [variantchessgame] [http-nio-5050-exec-5] m.m.a.RequestResponseBodyMethodProcessor : Writing [[uk.ac.standrews.variantchessgame.model.VariantChessMove@65e13559]]
2024-08-03T00:00:17.964+01:00 DEBUG 38667 --- [variantchessgame] [http-nio-5050-exec-5] o.s.web.servlet.DispatcherServlet        : Completed 200 OK
2024-08-03T00:00:18.213+01:00 DEBUG 38667 --- [variantchessgame] [http-nio-5050-exec-6] o.s.web.servlet.DispatcherServlet        : POST "/api/game/validMoves", parameters={}
2024-08-03T00:00:18.214+01:00 DEBUG 38667 --- [variantchessgame] [http-nio-5050-exec-6] s.w.s.m.m.a.RequestMappingHandlerMapping : Mapped to uk.ac.standrews.variantchessgame.controller.GameController#getValidMoves(ValidMovesRequest)
2024-08-03T00:00:18.214+01:00 DEBUG 38667 --- [variantchessgame] [http-nio-5050-exec-6] m.m.a.RequestResponseBodyMethodProcessor : Read "application/json;charset=UTF-8" to [uk.ac.standrews.variantchessgame.controller.GameController$ValidMovesRequest@42e245cc]
2024-08-03T00:00:18.214+01:00 DEBUG 38667 --- [variantchessgame] [http-nio-5050-exec-6] m.m.a.RequestResponseBodyMethodProcessor : Using 'application/json', given [*/*] and supported [application/json, application/*+json]
2024-08-03T00:00:18.214+01:00 DEBUG 38667 --- [variantchessgame] [http-nio-5050-exec-6] m.m.a.RequestResponseBodyMethodProcessor : Writing [[uk.ac.standrews.variantchessgame.model.VariantChessMove@687f6e12, uk.ac.standrews.variantchessgame. (truncated)...]
2024-08-03T00:00:18.214+01:00 DEBUG 38667 --- [variantchessgame] [http-nio-5050-exec-6] o.s.web.servlet.DispatcherServlet        : Completed 200 OK
2024-08-03T00:00:18.313+01:00 DEBUG 38667 --- [variantchessgame] [http-nio-5050-exec-7] o.s.web.servlet.DispatcherServlet        : POST "/api/game/validMoves", parameters={}
2024-08-03T00:00:18.313+01:00 DEBUG 38667 --- [variantchessgame] [http-nio-5050-exec-7] s.w.s.m.m.a.RequestMappingHandlerMapping : Mapped to uk.ac.standrews.variantchessgame.controller.GameController#getValidMoves(ValidMovesRequest)
2024-08-03T00:00:18.313+01:00 DEBUG 38667 --- [variantchessgame] [http-nio-5050-exec-7] m.m.a.RequestResponseBodyMethodProcessor : Read "application/json;charset=UTF-8" to [uk.ac.standrews.variantchessgame.controller.GameController$ValidMovesRequest@430470dc]
2024-08-03T00:00:18.316+01:00 DEBUG 38667 --- [variantchessgame] [http-nio-5050-exec-7] m.m.a.RequestResponseBodyMethodProcessor : Using 'application/json', given [*/*] and supported [application/json, application/*+json]
2024-08-03T00:00:18.317+01:00 DEBUG 38667 --- [variantchessgame] [http-nio-5050-exec-7] m.m.a.RequestResponseBodyMethodProcessor : Writing [[uk.ac.standrews.variantchessgame.model.VariantChessMove@10e272a7, uk.ac.standrews.variantchessgame. (truncated)...]
2024-08-03T00:00:18.319+01:00 DEBUG 38667 --- [variantchessgame] [http-nio-5050-exec-7] o.s.web.servlet.DispatcherServlet        : Completed 200 OK
2024-08-03T00:00:18.678+01:00 DEBUG 38667 --- [variantchessgame] [http-nio-5050-exec-8] o.s.web.servlet.DispatcherServlet        : POST "/api/game/validMoves", parameters={}
2024-08-03T00:00:18.680+01:00 DEBUG 38667 --- [variantchessgame] [http-nio-5050-exec-8] s.w.s.m.m.a.RequestMappingHandlerMapping : Mapped to uk.ac.standrews.variantchessgame.controller.GameController#getValidMoves(ValidMovesRequest)
2024-08-03T00:00:18.680+01:00 DEBUG 38667 --- [variantchessgame] [http-nio-5050-exec-8] m.m.a.RequestResponseBodyMethodProcessor : Read "application/json;charset=UTF-8" to [uk.ac.standrews.variantchessgame.controller.GameController$ValidMovesRequest@44a7c0d5]
2024-08-03T00:00:18.682+01:00 DEBUG 38667 --- [variantchessgame] [http-nio-5050-exec-8] m.m.a.RequestResponseBodyMethodProcessor : Using 'application/json', given [*/*] and supported [application/json, application/*+json]
2024-08-03T00:00:18.682+01:00 DEBUG 38667 --- [variantchessgame] [http-nio-5050-exec-8] m.m.a.RequestResponseBodyMethodProcessor : Writing [[uk.ac.standrews.variantchessgame.model.VariantChessMove@7689a16, uk.ac.standrews.variantchessgame.m (truncated)...]
2024-08-03T00:00:18.682+01:00 DEBUG 38667 --- [variantchessgame] [http-nio-5050-exec-8] o.s.web.servlet.DispatcherServlet        : Completed 200 OK
2024-08-03T00:00:19.387+01:00 DEBUG 38667 --- [variantchessgame] [http-nio-5050-exec-9] o.s.web.servlet.DispatcherServlet        : POST "/api/game/movePawn", parameters={}
2024-08-03T00:00:19.387+01:00 DEBUG 38667 --- [variantchessgame] [http-nio-5050-exec-9] s.w.s.m.m.a.RequestMappingHandlerMapping : Mapped to uk.ac.standrews.variantchessgame.controller.GameController#movePawn(VariantChessMove)
2024-08-03T00:00:19.388+01:00 DEBUG 38667 --- [variantchessgame] [http-nio-5050-exec-9] m.m.a.RequestResponseBodyMethodProcessor : Read "application/json;charset=UTF-8" to [uk.ac.standrews.variantchessgame.model.VariantChessMove@25e1d033]
2024-08-03T00:00:19.388+01:00 DEBUG 38667 --- [variantchessgame] [http-nio-5050-exec-9] m.m.a.RequestResponseBodyMethodProcessor : Using 'text/plain', given [*/*] and supported [text/plain, */*, application/json, application/*+json]
2024-08-03T00:00:19.388+01:00 DEBUG 38667 --- [variantchessgame] [http-nio-5050-exec-9] m.m.a.RequestResponseBodyMethodProcessor : Writing ["VALID_MOVE"]
2024-08-03T00:00:19.389+01:00 DEBUG 38667 --- [variantchessgame] [http-nio-5050-exec-9] o.s.web.servlet.DispatcherServlet        : Completed 200 OK
2024-08-03T00:00:19.392+01:00 DEBUG 38667 --- [variantchessgame] [http-nio-5050-exec-10] o.s.web.servlet.DispatcherServlet        : GET "/api/game/board", parameters={}
2024-08-03T00:00:19.392+01:00 DEBUG 38667 --- [variantchessgame] [http-nio-5050-exec-10] s.w.s.m.m.a.RequestMappingHandlerMapping : Mapped to uk.ac.standrews.variantchessgame.controller.GameController#getBoard()
2024-08-03T00:00:19.393+01:00 DEBUG 38667 --- [variantchessgame] [http-nio-5050-exec-10] m.m.a.RequestResponseBodyMethodProcessor : Using 'application/json', given [*/*] and supported [application/json, application/*+json]
2024-08-03T00:00:19.393+01:00 DEBUG 38667 --- [variantchessgame] [http-nio-5050-exec-10] m.m.a.RequestResponseBodyMethodProcessor : Writing [{[Luk.ac.standrews.variantchessgame.model.VariantChessPiece;@6bb0bcbc, [Luk.ac.standrews.variantches (truncated)...]
2024-08-03T00:00:19.393+01:00 DEBUG 38667 --- [variantchessgame] [http-nio-5050-exec-10] o.s.web.servlet.DispatcherServlet        : Completed 200 OK
2024-08-03T00:00:19.402+01:00 DEBUG 38667 --- [variantchessgame] [http-nio-5050-exec-1] o.s.web.servlet.DispatcherServlet        : POST "/api/game/validMoves", parameters={}
2024-08-03T00:00:19.403+01:00 DEBUG 38667 --- [variantchessgame] [http-nio-5050-exec-1] s.w.s.m.m.a.RequestMappingHandlerMapping : Mapped to uk.ac.standrews.variantchessgame.controller.GameController#getValidMoves(ValidMovesRequest)
2024-08-03T00:00:19.403+01:00 DEBUG 38667 --- [variantchessgame] [http-nio-5050-exec-1] m.m.a.RequestResponseBodyMethodProcessor : Read "application/json;charset=UTF-8" to [uk.ac.standrews.variantchessgame.controller.GameController$ValidMovesRequest@500e3f9]
2024-08-03T00:00:19.404+01:00 DEBUG 38667 --- [variantchessgame] [http-nio-5050-exec-1] m.m.a.RequestResponseBodyMethodProcessor : Using 'application/json', given [*/*] and supported [application/json, application/*+json]
2024-08-03T00:00:19.404+01:00 DEBUG 38667 --- [variantchessgame] [http-nio-5050-exec-1] m.m.a.RequestResponseBodyMethodProcessor : Writing [[uk.ac.standrews.variantchessgame.model.VariantChessMove@30a752b4, uk.ac.standrews.variantchessgame. (truncated)...]
2024-08-03T00:00:19.405+01:00 DEBUG 38667 --- [variantchessgame] [http-nio-5050-exec-1] o.s.web.servlet.DispatcherServlet        : Completed 200 OK
2024-08-03T00:00:19.644+01:00 DEBUG 38667 --- [variantchessgame] [http-nio-5050-exec-4] o.s.web.servlet.DispatcherServlet        : POST "/api/game/validMoves", parameters={}
2024-08-03T00:00:19.644+01:00 DEBUG 38667 --- [variantchessgame] [http-nio-5050-exec-4] s.w.s.m.m.a.RequestMappingHandlerMapping : Mapped to uk.ac.standrews.variantchessgame.controller.GameController#getValidMoves(ValidMovesRequest)
2024-08-03T00:00:19.645+01:00 DEBUG 38667 --- [variantchessgame] [http-nio-5050-exec-4] m.m.a.RequestResponseBodyMethodProcessor : Read "application/json;charset=UTF-8" to [uk.ac.standrews.variantchessgame.controller.GameController$ValidMovesRequest@5f37ca12]
2024-08-03T00:00:19.646+01:00 DEBUG 38667 --- [variantchessgame] [http-nio-5050-exec-4] m.m.a.RequestResponseBodyMethodProcessor : Using 'application/json', given [*/*] and supported [application/json, application/*+json]
2024-08-03T00:00:19.646+01:00 DEBUG 38667 --- [variantchessgame] [http-nio-5050-exec-4] m.m.a.RequestResponseBodyMethodProcessor : Writing [[uk.ac.standrews.variantchessgame.model.VariantChessMove@5dfc07a5, uk.ac.standrews.variantchessgame. (truncated)...]
2024-08-03T00:00:19.646+01:00 DEBUG 38667 --- [variantchessgame] [http-nio-5050-exec-4] o.s.web.servlet.DispatcherServlet        : Completed 200 OK
2024-08-03T00:00:19.678+01:00 DEBUG 38667 --- [variantchessgame] [http-nio-5050-exec-2] o.s.web.servlet.DispatcherServlet        : POST "/api/game/validMoves", parameters={}
2024-08-03T00:00:19.678+01:00 DEBUG 38667 --- [variantchessgame] [http-nio-5050-exec-2] s.w.s.m.m.a.RequestMappingHandlerMapping : Mapped to uk.ac.standrews.variantchessgame.controller.GameController#getValidMoves(ValidMovesRequest)
2024-08-03T00:00:19.678+01:00 DEBUG 38667 --- [variantchessgame] [http-nio-5050-exec-2] m.m.a.RequestResponseBodyMethodProcessor : Read "application/json;charset=UTF-8" to [uk.ac.standrews.variantchessgame.controller.GameController$ValidMovesRequest@6d6c8760]
2024-08-03T00:00:19.678+01:00 DEBUG 38667 --- [variantchessgame] [http-nio-5050-exec-2] m.m.a.RequestResponseBodyMethodProcessor : Using 'application/json', given [*/*] and supported [application/json, application/*+json]
2024-08-03T00:00:19.678+01:00 DEBUG 38667 --- [variantchessgame] [http-nio-5050-exec-2] m.m.a.RequestResponseBodyMethodProcessor : Writing [[uk.ac.standrews.variantchessgame.model.VariantChessMove@209238d4, uk.ac.standrews.variantchessgame. (truncated)...]
2024-08-03T00:00:19.679+01:00 DEBUG 38667 --- [variantchessgame] [http-nio-5050-exec-2] o.s.web.servlet.DispatcherServlet        : Completed 200 OK
2024-08-03T00:00:20.894+01:00 DEBUG 38667 --- [variantchessgame] [http-nio-5050-exec-3] o.s.web.servlet.DispatcherServlet        : POST "/api/game/moveQueen", parameters={}
2024-08-03T00:00:20.895+01:00 DEBUG 38667 --- [variantchessgame] [http-nio-5050-exec-3] s.w.s.m.m.a.RequestMappingHandlerMapping : Mapped to uk.ac.standrews.variantchessgame.controller.GameController#moveQueen(VariantChessMove)
2024-08-03T00:00:20.895+01:00 DEBUG 38667 --- [variantchessgame] [http-nio-5050-exec-3] m.m.a.RequestResponseBodyMethodProcessor : Read "application/json;charset=UTF-8" to [uk.ac.standrews.variantchessgame.model.VariantChessMove@67db6567]
2024-08-03T00:00:20.896+01:00 DEBUG 38667 --- [variantchessgame] [http-nio-5050-exec-3] m.m.a.RequestResponseBodyMethodProcessor : Using 'text/plain', given [*/*] and supported [text/plain, */*, application/json, application/*+json]
2024-08-03T00:00:20.896+01:00 DEBUG 38667 --- [variantchessgame] [http-nio-5050-exec-3] m.m.a.RequestResponseBodyMethodProcessor : Writing ["VALID_MOVE"]
2024-08-03T00:00:20.896+01:00 DEBUG 38667 --- [variantchessgame] [http-nio-5050-exec-3] o.s.web.servlet.DispatcherServlet        : Completed 200 OK
2024-08-03T00:00:20.899+01:00 DEBUG 38667 --- [variantchessgame] [http-nio-5050-exec-5] o.s.web.servlet.DispatcherServlet        : GET "/api/game/board", parameters={}
2024-08-03T00:00:20.899+01:00 DEBUG 38667 --- [variantchessgame] [http-nio-5050-exec-5] s.w.s.m.m.a.RequestMappingHandlerMapping : Mapped to uk.ac.standrews.variantchessgame.controller.GameController#getBoard()
2024-08-03T00:00:20.899+01:00 DEBUG 38667 --- [variantchessgame] [http-nio-5050-exec-5] m.m.a.RequestResponseBodyMethodProcessor : Using 'application/json', given [*/*] and supported [application/json, application/*+json]
2024-08-03T00:00:20.900+01:00 DEBUG 38667 --- [variantchessgame] [http-nio-5050-exec-5] m.m.a.RequestResponseBodyMethodProcessor : Writing [{[Luk.ac.standrews.variantchessgame.model.VariantChessPiece;@6bb0bcbc, [Luk.ac.standrews.variantches (truncated)...]
2024-08-03T00:00:20.900+01:00 DEBUG 38667 --- [variantchessgame] [http-nio-5050-exec-5] o.s.web.servlet.DispatcherServlet        : Completed 200 OK
2024-08-03T00:00:20.902+01:00 DEBUG 38667 --- [variantchessgame] [http-nio-5050-exec-6] o.s.web.servlet.DispatcherServlet        : POST "/api/game/validMoves", parameters={}
2024-08-03T00:00:20.902+01:00 DEBUG 38667 --- [variantchessgame] [http-nio-5050-exec-6] s.w.s.m.m.a.RequestMappingHandlerMapping : Mapped to uk.ac.standrews.variantchessgame.controller.GameController#getValidMoves(ValidMovesRequest)
2024-08-03T00:00:20.902+01:00 DEBUG 38667 --- [variantchessgame] [http-nio-5050-exec-6] m.m.a.RequestResponseBodyMethodProcessor : Read "application/json;charset=UTF-8" to [uk.ac.standrews.variantchessgame.controller.GameController$ValidMovesRequest@434577d7]
2024-08-03T00:00:20.902+01:00 DEBUG 38667 --- [variantchessgame] [http-nio-5050-exec-6] m.m.a.RequestResponseBodyMethodProcessor : Using 'application/json', given [*/*] and supported [application/json, application/*+json]
2024-08-03T00:00:20.902+01:00 DEBUG 38667 --- [variantchessgame] [http-nio-5050-exec-6] m.m.a.RequestResponseBodyMethodProcessor : Writing [[uk.ac.standrews.variantchessgame.model.VariantChessMove@50d99e53, uk.ac.standrews.variantchessgame. (truncated)...]
2024-08-03T00:00:20.903+01:00 DEBUG 38667 --- [variantchessgame] [http-nio-5050-exec-6] o.s.web.servlet.DispatcherServlet        : Completed 200 OK
2024-08-03T00:00:20.911+01:00 DEBUG 38667 --- [variantchessgame] [http-nio-5050-exec-7] o.s.web.servlet.DispatcherServlet        : POST "/api/game/validMoves", parameters={}
2024-08-03T00:00:20.911+01:00 DEBUG 38667 --- [variantchessgame] [http-nio-5050-exec-7] s.w.s.m.m.a.RequestMappingHandlerMapping : Mapped to uk.ac.standrews.variantchessgame.controller.GameController#getValidMoves(ValidMovesRequest)
2024-08-03T00:00:20.911+01:00 DEBUG 38667 --- [variantchessgame] [http-nio-5050-exec-7] m.m.a.RequestResponseBodyMethodProcessor : Read "application/json;charset=UTF-8" to [uk.ac.standrews.variantchessgame.controller.GameController$ValidMovesRequest@28864f70]
2024-08-03T00:00:20.912+01:00 DEBUG 38667 --- [variantchessgame] [http-nio-5050-exec-7] m.m.a.RequestResponseBodyMethodProcessor : Using 'application/json', given [*/*] and supported [application/json, application/*+json]
2024-08-03T00:00:20.912+01:00 DEBUG 38667 --- [variantchessgame] [http-nio-5050-exec-7] m.m.a.RequestResponseBodyMethodProcessor : Writing [[uk.ac.standrews.variantchessgame.model.VariantChessMove@48e4482c, uk.ac.standrews.variantchessgame. (truncated)...]
2024-08-03T00:00:20.912+01:00 DEBUG 38667 --- [variantchessgame] [http-nio-5050-exec-7] o.s.web.servlet.DispatcherServlet        : Completed 200 OK
2024-08-03T00:00:23.745+01:00 DEBUG 38667 --- [variantchessgame] [http-nio-5050-exec-8] o.s.web.servlet.DispatcherServlet        : POST "/api/game/validMoves", parameters={}
2024-08-03T00:00:23.745+01:00 DEBUG 38667 --- [variantchessgame] [http-nio-5050-exec-8] s.w.s.m.m.a.RequestMappingHandlerMapping : Mapped to uk.ac.standrews.variantchessgame.controller.GameController#getValidMoves(ValidMovesRequest)
2024-08-03T00:00:23.746+01:00 DEBUG 38667 --- [variantchessgame] [http-nio-5050-exec-8] m.m.a.RequestResponseBodyMethodProcessor : Read "application/json;charset=UTF-8" to [uk.ac.standrews.variantchessgame.controller.GameController$ValidMovesRequest@55ee0b7]
2024-08-03T00:00:23.747+01:00 DEBUG 38667 --- [variantchessgame] [http-nio-5050-exec-8] m.m.a.RequestResponseBodyMethodProcessor : Using 'application/json', given [*/*] and supported [application/json, application/*+json]
2024-08-03T00:00:23.747+01:00 DEBUG 38667 --- [variantchessgame] [http-nio-5050-exec-8] m.m.a.RequestResponseBodyMethodProcessor : Writing [[uk.ac.standrews.variantchessgame.model.VariantChessMove@7f8529a1, uk.ac.standrews.variantchessgame. (truncated)...]
2024-08-03T00:00:23.748+01:00 DEBUG 38667 --- [variantchessgame] [http-nio-5050-exec-8] o.s.web.servlet.DispatcherServlet        : Completed 200 OK
2024-08-03T00:00:23.819+01:00 DEBUG 38667 --- [variantchessgame] [http-nio-5050-exec-9] o.s.web.servlet.DispatcherServlet        : POST "/api/game/validMoves", parameters={}
2024-08-03T00:00:23.820+01:00 DEBUG 38667 --- [variantchessgame] [http-nio-5050-exec-9] s.w.s.m.m.a.RequestMappingHandlerMapping : Mapped to uk.ac.standrews.variantchessgame.controller.GameController#getValidMoves(ValidMovesRequest)
2024-08-03T00:00:23.820+01:00 DEBUG 38667 --- [variantchessgame] [http-nio-5050-exec-9] m.m.a.RequestResponseBodyMethodProcessor : Read "application/json;charset=UTF-8" to [uk.ac.standrews.variantchessgame.controller.GameController$ValidMovesRequest@2d1e6cd1]
2024-08-03T00:00:23.821+01:00 DEBUG 38667 --- [variantchessgame] [http-nio-5050-exec-9] m.m.a.RequestResponseBodyMethodProcessor : Using 'application/json', given [*/*] and supported [application/json, application/*+json]
2024-08-03T00:00:23.821+01:00 DEBUG 38667 --- [variantchessgame] [http-nio-5050-exec-9] m.m.a.RequestResponseBodyMethodProcessor : Writing [[uk.ac.standrews.variantchessgame.model.VariantChessMove@5015ccd4, uk.ac.standrews.variantchessgame. (truncated)...]
2024-08-03T00:00:23.822+01:00 DEBUG 38667 --- [variantchessgame] [http-nio-5050-exec-9] o.s.web.servlet.DispatcherServlet        : Completed 200 OK
2024-08-03T00:00:24.144+01:00 DEBUG 38667 --- [variantchessgame] [http-nio-5050-exec-10] o.s.web.servlet.DispatcherServlet        : POST "/api/game/validMoves", parameters={}
2024-08-03T00:00:24.144+01:00 DEBUG 38667 --- [variantchessgame] [http-nio-5050-exec-10] s.w.s.m.m.a.RequestMappingHandlerMapping : Mapped to uk.ac.standrews.variantchessgame.controller.GameController#getValidMoves(ValidMovesRequest)
2024-08-03T00:00:24.145+01:00 DEBUG 38667 --- [variantchessgame] [http-nio-5050-exec-10] m.m.a.RequestResponseBodyMethodProcessor : Read "application/json;charset=UTF-8" to [uk.ac.standrews.variantchessgame.controller.GameController$ValidMovesRequest@71e8fa99]
2024-08-03T00:00:24.145+01:00 DEBUG 38667 --- [variantchessgame] [http-nio-5050-exec-10] m.m.a.RequestResponseBodyMethodProcessor : Using 'application/json', given [*/*] and supported [application/json, application/*+json]
2024-08-03T00:00:24.145+01:00 DEBUG 38667 --- [variantchessgame] [http-nio-5050-exec-10] m.m.a.RequestResponseBodyMethodProcessor : Writing [[uk.ac.standrews.variantchessgame.model.VariantChessMove@6fcee2f1, uk.ac.standrews.variantchessgame. (truncated)...]
2024-08-03T00:00:24.145+01:00 DEBUG 38667 --- [variantchessgame] [http-nio-5050-exec-10] o.s.web.servlet.DispatcherServlet        : Completed 200 OK
2024-08-03T00:00:24.494+01:00 DEBUG 38667 --- [variantchessgame] [http-nio-5050-exec-1] o.s.web.servlet.DispatcherServlet        : POST "/api/game/validMoves", parameters={}
2024-08-03T00:00:24.495+01:00 DEBUG 38667 --- [variantchessgame] [http-nio-5050-exec-1] s.w.s.m.m.a.RequestMappingHandlerMapping : Mapped to uk.ac.standrews.variantchessgame.controller.GameController#getValidMoves(ValidMovesRequest)
2024-08-03T00:00:24.495+01:00 DEBUG 38667 --- [variantchessgame] [http-nio-5050-exec-1] m.m.a.RequestResponseBodyMethodProcessor : Read "application/json;charset=UTF-8" to [uk.ac.standrews.variantchessgame.controller.GameController$ValidMovesRequest@16a99800]
2024-08-03T00:00:24.495+01:00 DEBUG 38667 --- [variantchessgame] [http-nio-5050-exec-1] m.m.a.RequestResponseBodyMethodProcessor : Using 'application/json', given [*/*] and supported [application/json, application/*+json]
2024-08-03T00:00:24.496+01:00 DEBUG 38667 --- [variantchessgame] [http-nio-5050-exec-1] m.m.a.RequestResponseBodyMethodProcessor : Writing [[uk.ac.standrews.variantchessgame.model.VariantChessMove@1c114a93]]
2024-08-03T00:00:24.496+01:00 DEBUG 38667 --- [variantchessgame] [http-nio-5050-exec-1] o.s.web.servlet.DispatcherServlet        : Completed 200 OK
2024-08-03T00:00:26.681+01:00 DEBUG 38667 --- [variantchessgame] [http-nio-5050-exec-4] o.s.web.servlet.DispatcherServlet        : POST "/api/game/moveQueen", parameters={}
2024-08-03T00:00:26.681+01:00 DEBUG 38667 --- [variantchessgame] [http-nio-5050-exec-4] s.w.s.m.m.a.RequestMappingHandlerMapping : Mapped to uk.ac.standrews.variantchessgame.controller.GameController#moveQueen(VariantChessMove)
2024-08-03T00:00:26.681+01:00 DEBUG 38667 --- [variantchessgame] [http-nio-5050-exec-4] m.m.a.RequestResponseBodyMethodProcessor : Read "application/json;charset=UTF-8" to [uk.ac.standrews.variantchessgame.model.VariantChessMove@6005b898]
2024-08-03T00:00:26.683+01:00 DEBUG 38667 --- [variantchessgame] [http-nio-5050-exec-4] m.m.a.RequestResponseBodyMethodProcessor : Using 'text/plain', given [*/*] and supported [text/plain, */*, application/json, application/*+json]
2024-08-03T00:00:26.683+01:00 DEBUG 38667 --- [variantchessgame] [http-nio-5050-exec-4] m.m.a.RequestResponseBodyMethodProcessor : Writing ["VALID_MOVE"]
2024-08-03T00:00:26.683+01:00 DEBUG 38667 --- [variantchessgame] [http-nio-5050-exec-4] o.s.web.servlet.DispatcherServlet        : Completed 200 OK
2024-08-03T00:00:26.687+01:00 DEBUG 38667 --- [variantchessgame] [http-nio-5050-exec-2] o.s.web.servlet.DispatcherServlet        : GET "/api/game/board", parameters={}
2024-08-03T00:00:26.687+01:00 DEBUG 38667 --- [variantchessgame] [http-nio-5050-exec-2] s.w.s.m.m.a.RequestMappingHandlerMapping : Mapped to uk.ac.standrews.variantchessgame.controller.GameController#getBoard()
2024-08-03T00:00:26.687+01:00 DEBUG 38667 --- [variantchessgame] [http-nio-5050-exec-2] m.m.a.RequestResponseBodyMethodProcessor : Using 'application/json', given [*/*] and supported [application/json, application/*+json]
2024-08-03T00:00:26.687+01:00 DEBUG 38667 --- [variantchessgame] [http-nio-5050-exec-2] m.m.a.RequestResponseBodyMethodProcessor : Writing [{[Luk.ac.standrews.variantchessgame.model.VariantChessPiece;@6bb0bcbc, [Luk.ac.standrews.variantches (truncated)...]
2024-08-03T00:00:26.688+01:00 DEBUG 38667 --- [variantchessgame] [http-nio-5050-exec-2] o.s.web.servlet.DispatcherServlet        : Completed 200 OK
2024-08-03T00:00:26.694+01:00 DEBUG 38667 --- [variantchessgame] [http-nio-5050-exec-3] o.s.web.servlet.DispatcherServlet        : POST "/api/game/validMoves", parameters={}
2024-08-03T00:00:26.694+01:00 DEBUG 38667 --- [variantchessgame] [http-nio-5050-exec-3] s.w.s.m.m.a.RequestMappingHandlerMapping : Mapped to uk.ac.standrews.variantchessgame.controller.GameController#getValidMoves(ValidMovesRequest)
2024-08-03T00:00:26.694+01:00 DEBUG 38667 --- [variantchessgame] [http-nio-5050-exec-3] m.m.a.RequestResponseBodyMethodProcessor : Read "application/json;charset=UTF-8" to [uk.ac.standrews.variantchessgame.controller.GameController$ValidMovesRequest@62937529]
2024-08-03T00:00:26.694+01:00 DEBUG 38667 --- [variantchessgame] [http-nio-5050-exec-3] m.m.a.RequestResponseBodyMethodProcessor : Using 'application/json', given [*/*] and supported [application/json, application/*+json]
2024-08-03T00:00:26.695+01:00 DEBUG 38667 --- [variantchessgame] [http-nio-5050-exec-3] m.m.a.RequestResponseBodyMethodProcessor : Writing [[uk.ac.standrews.variantchessgame.model.VariantChessMove@2f7a423c, uk.ac.standrews.variantchessgame. (truncated)...]
2024-08-03T00:00:26.695+01:00 DEBUG 38667 --- [variantchessgame] [http-nio-5050-exec-3] o.s.web.servlet.DispatcherServlet        : Completed 200 OK
2024-08-03T00:00:27.053+01:00 DEBUG 38667 --- [variantchessgame] [http-nio-5050-exec-5] o.s.web.servlet.DispatcherServlet        : POST "/api/game/validMoves", parameters={}
2024-08-03T00:00:27.053+01:00 DEBUG 38667 --- [variantchessgame] [http-nio-5050-exec-5] s.w.s.m.m.a.RequestMappingHandlerMapping : Mapped to uk.ac.standrews.variantchessgame.controller.GameController#getValidMoves(ValidMovesRequest)
2024-08-03T00:00:27.053+01:00 DEBUG 38667 --- [variantchessgame] [http-nio-5050-exec-5] m.m.a.RequestResponseBodyMethodProcessor : Read "application/json;charset=UTF-8" to [uk.ac.standrews.variantchessgame.controller.GameController$ValidMovesRequest@3a5d8ad0]
2024-08-03T00:00:27.054+01:00 DEBUG 38667 --- [variantchessgame] [http-nio-5050-exec-5] m.m.a.RequestResponseBodyMethodProcessor : Using 'application/json', given [*/*] and supported [application/json, application/*+json]
2024-08-03T00:00:27.054+01:00 DEBUG 38667 --- [variantchessgame] [http-nio-5050-exec-5] m.m.a.RequestResponseBodyMethodProcessor : Writing [[uk.ac.standrews.variantchessgame.model.VariantChessMove@174d7ee4, uk.ac.standrews.variantchessgame. (truncated)...]
2024-08-03T00:00:27.054+01:00 DEBUG 38667 --- [variantchessgame] [http-nio-5050-exec-5] o.s.web.servlet.DispatcherServlet        : Completed 200 OK
2024-08-03T00:00:27.361+01:00 DEBUG 38667 --- [variantchessgame] [http-nio-5050-exec-6] o.s.web.servlet.DispatcherServlet        : POST "/api/game/validMoves", parameters={}
2024-08-03T00:00:27.361+01:00 DEBUG 38667 --- [variantchessgame] [http-nio-5050-exec-6] s.w.s.m.m.a.RequestMappingHandlerMapping : Mapped to uk.ac.standrews.variantchessgame.controller.GameController#getValidMoves(ValidMovesRequest)
2024-08-03T00:00:27.362+01:00 DEBUG 38667 --- [variantchessgame] [http-nio-5050-exec-6] m.m.a.RequestResponseBodyMethodProcessor : Read "application/json;charset=UTF-8" to [uk.ac.standrews.variantchessgame.controller.GameController$ValidMovesRequest@3d76f6e9]
2024-08-03T00:00:27.363+01:00 DEBUG 38667 --- [variantchessgame] [http-nio-5050-exec-6] m.m.a.RequestResponseBodyMethodProcessor : Using 'application/json', given [*/*] and supported [application/json, application/*+json]
2024-08-03T00:00:27.364+01:00 DEBUG 38667 --- [variantchessgame] [http-nio-5050-exec-6] m.m.a.RequestResponseBodyMethodProcessor : Writing [[uk.ac.standrews.variantchessgame.model.VariantChessMove@6e01d2c3, uk.ac.standrews.variantchessgame. (truncated)...]
2024-08-03T00:00:27.364+01:00 DEBUG 38667 --- [variantchessgame] [http-nio-5050-exec-6] o.s.web.servlet.DispatcherServlet        : Completed 200 OK
2024-08-03T00:00:27.553+01:00 DEBUG 38667 --- [variantchessgame] [http-nio-5050-exec-7] o.s.web.servlet.DispatcherServlet        : POST "/api/game/validMoves", parameters={}
2024-08-03T00:00:27.553+01:00 DEBUG 38667 --- [variantchessgame] [http-nio-5050-exec-7] s.w.s.m.m.a.RequestMappingHandlerMapping : Mapped to uk.ac.standrews.variantchessgame.controller.GameController#getValidMoves(ValidMovesRequest)
2024-08-03T00:00:27.553+01:00 DEBUG 38667 --- [variantchessgame] [http-nio-5050-exec-7] m.m.a.RequestResponseBodyMethodProcessor : Read "application/json;charset=UTF-8" to [uk.ac.standrews.variantchessgame.controller.GameController$ValidMovesRequest@7c46fcfc]
2024-08-03T00:00:27.554+01:00 DEBUG 38667 --- [variantchessgame] [http-nio-5050-exec-7] m.m.a.RequestResponseBodyMethodProcessor : Using 'application/json', given [*/*] and supported [application/json, application/*+json]
2024-08-03T00:00:27.554+01:00 DEBUG 38667 --- [variantchessgame] [http-nio-5050-exec-7] m.m.a.RequestResponseBodyMethodProcessor : Writing [[uk.ac.standrews.variantchessgame.model.VariantChessMove@6156592b, uk.ac.standrews.variantchessgame. (truncated)...]
2024-08-03T00:00:27.555+01:00 DEBUG 38667 --- [variantchessgame] [http-nio-5050-exec-7] o.s.web.servlet.DispatcherServlet        : Completed 200 OK
2024-08-03T00:00:27.953+01:00 DEBUG 38667 --- [variantchessgame] [http-nio-5050-exec-8] o.s.web.servlet.DispatcherServlet        : POST "/api/game/validMoves", parameters={}
2024-08-03T00:00:27.953+01:00 DEBUG 38667 --- [variantchessgame] [http-nio-5050-exec-8] s.w.s.m.m.a.RequestMappingHandlerMapping : Mapped to uk.ac.standrews.variantchessgame.controller.GameController#getValidMoves(ValidMovesRequest)
2024-08-03T00:00:27.954+01:00 DEBUG 38667 --- [variantchessgame] [http-nio-5050-exec-8] m.m.a.RequestResponseBodyMethodProcessor : Read "application/json;charset=UTF-8" to [uk.ac.standrews.variantchessgame.controller.GameController$ValidMovesRequest@4a0758fe]
2024-08-03T00:00:27.954+01:00 DEBUG 38667 --- [variantchessgame] [http-nio-5050-exec-8] m.m.a.RequestResponseBodyMethodProcessor : Using 'application/json', given [*/*] and supported [application/json, application/*+json]
2024-08-03T00:00:27.954+01:00 DEBUG 38667 --- [variantchessgame] [http-nio-5050-exec-8] m.m.a.RequestResponseBodyMethodProcessor : Writing [[uk.ac.standrews.variantchessgame.model.VariantChessMove@38ae5251, uk.ac.standrews.variantchessgame. (truncated)...]
2024-08-03T00:00:27.955+01:00 DEBUG 38667 --- [variantchessgame] [http-nio-5050-exec-8] o.s.web.servlet.DispatcherServlet        : Completed 200 OK
2024-08-03T00:00:29.078+01:00 DEBUG 38667 --- [variantchessgame] [http-nio-5050-exec-9] o.s.web.servlet.DispatcherServlet        : POST "/api/game/moveCannon", parameters={}
2024-08-03T00:00:29.078+01:00 DEBUG 38667 --- [variantchessgame] [http-nio-5050-exec-9] s.w.s.m.m.a.RequestMappingHandlerMapping : Mapped to uk.ac.standrews.variantchessgame.controller.GameController#moveCannon(VariantChessMove)
2024-08-03T00:00:29.079+01:00 DEBUG 38667 --- [variantchessgame] [http-nio-5050-exec-9] m.m.a.RequestResponseBodyMethodProcessor : Read "application/json;charset=UTF-8" to [uk.ac.standrews.variantchessgame.model.VariantChessMove@7136b0ab]
2024-08-03T00:00:29.079+01:00 DEBUG 38667 --- [variantchessgame] [http-nio-5050-exec-9] m.m.a.RequestResponseBodyMethodProcessor : Using 'text/plain', given [*/*] and supported [text/plain, */*, application/json, application/*+json]
2024-08-03T00:00:29.079+01:00 DEBUG 38667 --- [variantchessgame] [http-nio-5050-exec-9] m.m.a.RequestResponseBodyMethodProcessor : Writing ["VALID_MOVE"]
2024-08-03T00:00:29.080+01:00 DEBUG 38667 --- [variantchessgame] [http-nio-5050-exec-9] o.s.web.servlet.DispatcherServlet        : Completed 200 OK
2024-08-03T00:00:29.082+01:00 DEBUG 38667 --- [variantchessgame] [http-nio-5050-exec-10] o.s.web.servlet.DispatcherServlet        : GET "/api/game/board", parameters={}
2024-08-03T00:00:29.082+01:00 DEBUG 38667 --- [variantchessgame] [http-nio-5050-exec-10] s.w.s.m.m.a.RequestMappingHandlerMapping : Mapped to uk.ac.standrews.variantchessgame.controller.GameController#getBoard()
2024-08-03T00:00:29.083+01:00 DEBUG 38667 --- [variantchessgame] [http-nio-5050-exec-10] m.m.a.RequestResponseBodyMethodProcessor : Using 'application/json', given [*/*] and supported [application/json, application/*+json]
2024-08-03T00:00:29.083+01:00 DEBUG 38667 --- [variantchessgame] [http-nio-5050-exec-10] m.m.a.RequestResponseBodyMethodProcessor : Writing [{[Luk.ac.standrews.variantchessgame.model.VariantChessPiece;@6bb0bcbc, [Luk.ac.standrews.variantches (truncated)...]
2024-08-03T00:00:29.083+01:00 DEBUG 38667 --- [variantchessgame] [http-nio-5050-exec-10] o.s.web.servlet.DispatcherServlet        : Completed 200 OK
2024-08-03T00:00:29.386+01:00 DEBUG 38667 --- [variantchessgame] [http-nio-5050-exec-1] o.s.web.servlet.DispatcherServlet        : POST "/api/game/validMoves", parameters={}
2024-08-03T00:00:29.386+01:00 DEBUG 38667 --- [variantchessgame] [http-nio-5050-exec-1] s.w.s.m.m.a.RequestMappingHandlerMapping : Mapped to uk.ac.standrews.variantchessgame.controller.GameController#getValidMoves(ValidMovesRequest)
2024-08-03T00:00:29.387+01:00 DEBUG 38667 --- [variantchessgame] [http-nio-5050-exec-1] m.m.a.RequestResponseBodyMethodProcessor : Read "application/json;charset=UTF-8" to [uk.ac.standrews.variantchessgame.controller.GameController$ValidMovesRequest@74f365b2]
2024-08-03T00:00:29.387+01:00 DEBUG 38667 --- [variantchessgame] [http-nio-5050-exec-1] m.m.a.RequestResponseBodyMethodProcessor : Using 'application/json', given [*/*] and supported [application/json, application/*+json]
2024-08-03T00:00:29.387+01:00 DEBUG 38667 --- [variantchessgame] [http-nio-5050-exec-1] m.m.a.RequestResponseBodyMethodProcessor : Writing [[uk.ac.standrews.variantchessgame.model.VariantChessMove@45042376, uk.ac.standrews.variantchessgame. (truncated)...]
2024-08-03T00:00:29.387+01:00 DEBUG 38667 --- [variantchessgame] [http-nio-5050-exec-1] o.s.web.servlet.DispatcherServlet        : Completed 200 OK
2024-08-03T00:00:29.578+01:00 DEBUG 38667 --- [variantchessgame] [http-nio-5050-exec-4] o.s.web.servlet.DispatcherServlet        : POST "/api/game/validMoves", parameters={}
2024-08-03T00:00:29.578+01:00 DEBUG 38667 --- [variantchessgame] [http-nio-5050-exec-4] s.w.s.m.m.a.RequestMappingHandlerMapping : Mapped to uk.ac.standrews.variantchessgame.controller.GameController#getValidMoves(ValidMovesRequest)
2024-08-03T00:00:29.578+01:00 DEBUG 38667 --- [variantchessgame] [http-nio-5050-exec-4] m.m.a.RequestResponseBodyMethodProcessor : Read "application/json;charset=UTF-8" to [uk.ac.standrews.variantchessgame.controller.GameController$ValidMovesRequest@3cff776a]
2024-08-03T00:00:29.578+01:00 DEBUG 38667 --- [variantchessgame] [http-nio-5050-exec-4] m.m.a.RequestResponseBodyMethodProcessor : Using 'application/json', given [*/*] and supported [application/json, application/*+json]
2024-08-03T00:00:29.579+01:00 DEBUG 38667 --- [variantchessgame] [http-nio-5050-exec-4] m.m.a.RequestResponseBodyMethodProcessor : Writing [[uk.ac.standrews.variantchessgame.model.VariantChessMove@23ec75d4, uk.ac.standrews.variantchessgame. (truncated)...]
2024-08-03T00:00:29.579+01:00 DEBUG 38667 --- [variantchessgame] [http-nio-5050-exec-4] o.s.web.servlet.DispatcherServlet        : Completed 200 OK
2024-08-03T00:00:29.887+01:00 DEBUG 38667 --- [variantchessgame] [http-nio-5050-exec-2] o.s.web.servlet.DispatcherServlet        : POST "/api/game/validMoves", parameters={}
2024-08-03T00:00:29.887+01:00 DEBUG 38667 --- [variantchessgame] [http-nio-5050-exec-2] s.w.s.m.m.a.RequestMappingHandlerMapping : Mapped to uk.ac.standrews.variantchessgame.controller.GameController#getValidMoves(ValidMovesRequest)
2024-08-03T00:00:29.887+01:00 DEBUG 38667 --- [variantchessgame] [http-nio-5050-exec-2] m.m.a.RequestResponseBodyMethodProcessor : Read "application/json;charset=UTF-8" to [uk.ac.standrews.variantchessgame.controller.GameController$ValidMovesRequest@20c5f71e]
2024-08-03T00:00:29.888+01:00 DEBUG 38667 --- [variantchessgame] [http-nio-5050-exec-2] m.m.a.RequestResponseBodyMethodProcessor : Using 'application/json', given [*/*] and supported [application/json, application/*+json]
2024-08-03T00:00:29.888+01:00 DEBUG 38667 --- [variantchessgame] [http-nio-5050-exec-2] m.m.a.RequestResponseBodyMethodProcessor : Writing [[uk.ac.standrews.variantchessgame.model.VariantChessMove@151dbc9b, uk.ac.standrews.variantchessgame. (truncated)...]
2024-08-03T00:00:29.888+01:00 DEBUG 38667 --- [variantchessgame] [http-nio-5050-exec-2] o.s.web.servlet.DispatcherServlet        : Completed 200 OK
2024-08-03T00:00:31.931+01:00 DEBUG 38667 --- [variantchessgame] [http-nio-5050-exec-3] o.s.web.servlet.DispatcherServlet        : POST "/api/game/moveQueen", parameters={}
2024-08-03T00:00:31.931+01:00 DEBUG 38667 --- [variantchessgame] [http-nio-5050-exec-3] s.w.s.m.m.a.RequestMappingHandlerMapping : Mapped to uk.ac.standrews.variantchessgame.controller.GameController#moveQueen(VariantChessMove)
2024-08-03T00:00:31.931+01:00 DEBUG 38667 --- [variantchessgame] [http-nio-5050-exec-3] m.m.a.RequestResponseBodyMethodProcessor : Read "application/json;charset=UTF-8" to [uk.ac.standrews.variantchessgame.model.VariantChessMove@1511d30a]
2024-08-03T00:00:31.933+01:00 DEBUG 38667 --- [variantchessgame] [http-nio-5050-exec-3] m.m.a.RequestResponseBodyMethodProcessor : Using 'text/plain', given [*/*] and supported [text/plain, */*, application/json, application/*+json]
2024-08-03T00:00:31.933+01:00 DEBUG 38667 --- [variantchessgame] [http-nio-5050-exec-3] m.m.a.RequestResponseBodyMethodProcessor : Writing ["VALID_MOVE"]
2024-08-03T00:00:31.933+01:00 DEBUG 38667 --- [variantchessgame] [http-nio-5050-exec-3] o.s.web.servlet.DispatcherServlet        : Completed 200 OK
2024-08-03T00:00:31.937+01:00 DEBUG 38667 --- [variantchessgame] [http-nio-5050-exec-5] o.s.web.servlet.DispatcherServlet        : GET "/api/game/board", parameters={}
2024-08-03T00:00:31.937+01:00 DEBUG 38667 --- [variantchessgame] [http-nio-5050-exec-5] s.w.s.m.m.a.RequestMappingHandlerMapping : Mapped to uk.ac.standrews.variantchessgame.controller.GameController#getBoard()
2024-08-03T00:00:31.937+01:00 DEBUG 38667 --- [variantchessgame] [http-nio-5050-exec-5] m.m.a.RequestResponseBodyMethodProcessor : Using 'application/json', given [*/*] and supported [application/json, application/*+json]
2024-08-03T00:00:31.937+01:00 DEBUG 38667 --- [variantchessgame] [http-nio-5050-exec-5] m.m.a.RequestResponseBodyMethodProcessor : Writing [{[Luk.ac.standrews.variantchessgame.model.VariantChessPiece;@6bb0bcbc, [Luk.ac.standrews.variantches (truncated)...]
2024-08-03T00:00:31.938+01:00 DEBUG 38667 --- [variantchessgame] [http-nio-5050-exec-5] o.s.web.servlet.DispatcherServlet        : Completed 200 OK
2024-08-03T00:00:33.396+01:00 DEBUG 38667 --- [variantchessgame] [http-nio-5050-exec-6] o.s.web.servlet.DispatcherServlet        : POST "/api/game/validMoves", parameters={}
2024-08-03T00:00:33.397+01:00 DEBUG 38667 --- [variantchessgame] [http-nio-5050-exec-6] s.w.s.m.m.a.RequestMappingHandlerMapping : Mapped to uk.ac.standrews.variantchessgame.controller.GameController#getValidMoves(ValidMovesRequest)
2024-08-03T00:00:33.398+01:00 DEBUG 38667 --- [variantchessgame] [http-nio-5050-exec-6] m.m.a.RequestResponseBodyMethodProcessor : Read "application/json;charset=UTF-8" to [uk.ac.standrews.variantchessgame.controller.GameController$ValidMovesRequest@7165b548]
2024-08-03T00:00:33.399+01:00 DEBUG 38667 --- [variantchessgame] [http-nio-5050-exec-6] m.m.a.RequestResponseBodyMethodProcessor : Using 'application/json', given [*/*] and supported [application/json, application/*+json]
2024-08-03T00:00:33.399+01:00 DEBUG 38667 --- [variantchessgame] [http-nio-5050-exec-6] m.m.a.RequestResponseBodyMethodProcessor : Writing [[uk.ac.standrews.variantchessgame.model.VariantChessMove@7baec433, uk.ac.standrews.variantchessgame. (truncated)...]
2024-08-03T00:00:33.399+01:00 DEBUG 38667 --- [variantchessgame] [http-nio-5050-exec-6] o.s.web.servlet.DispatcherServlet        : Completed 200 OK
2024-08-03T00:00:33.544+01:00 DEBUG 38667 --- [variantchessgame] [http-nio-5050-exec-7] o.s.web.servlet.DispatcherServlet        : POST "/api/game/validMoves", parameters={}
2024-08-03T00:00:33.544+01:00 DEBUG 38667 --- [variantchessgame] [http-nio-5050-exec-7] s.w.s.m.m.a.RequestMappingHandlerMapping : Mapped to uk.ac.standrews.variantchessgame.controller.GameController#getValidMoves(ValidMovesRequest)
2024-08-03T00:00:33.545+01:00 DEBUG 38667 --- [variantchessgame] [http-nio-5050-exec-7] m.m.a.RequestResponseBodyMethodProcessor : Read "application/json;charset=UTF-8" to [uk.ac.standrews.variantchessgame.controller.GameController$ValidMovesRequest@7ba0ea87]
2024-08-03T00:00:33.545+01:00 DEBUG 38667 --- [variantchessgame] [http-nio-5050-exec-7] m.m.a.RequestResponseBodyMethodProcessor : Using 'application/json', given [*/*] and supported [application/json, application/*+json]
2024-08-03T00:00:33.545+01:00 DEBUG 38667 --- [variantchessgame] [http-nio-5050-exec-7] m.m.a.RequestResponseBodyMethodProcessor : Writing [[uk.ac.standrews.variantchessgame.model.VariantChessMove@304a4813]]
2024-08-03T00:00:33.546+01:00 DEBUG 38667 --- [variantchessgame] [http-nio-5050-exec-7] o.s.web.servlet.DispatcherServlet        : Completed 200 OK
2024-08-03T00:00:33.561+01:00 DEBUG 38667 --- [variantchessgame] [http-nio-5050-exec-8] o.s.web.servlet.DispatcherServlet        : POST "/api/game/validMoves", parameters={}
2024-08-03T00:00:33.561+01:00 DEBUG 38667 --- [variantchessgame] [http-nio-5050-exec-8] s.w.s.m.m.a.RequestMappingHandlerMapping : Mapped to uk.ac.standrews.variantchessgame.controller.GameController#getValidMoves(ValidMovesRequest)
2024-08-03T00:00:33.561+01:00 DEBUG 38667 --- [variantchessgame] [http-nio-5050-exec-8] m.m.a.RequestResponseBodyMethodProcessor : Read "application/json;charset=UTF-8" to [uk.ac.standrews.variantchessgame.controller.GameController$ValidMovesRequest@70786e4c]
2024-08-03T00:00:33.562+01:00 DEBUG 38667 --- [variantchessgame] [http-nio-5050-exec-8] m.m.a.RequestResponseBodyMethodProcessor : Using 'application/json', given [*/*] and supported [application/json, application/*+json]
2024-08-03T00:00:33.562+01:00 DEBUG 38667 --- [variantchessgame] [http-nio-5050-exec-8] m.m.a.RequestResponseBodyMethodProcessor : Writing [[]]
2024-08-03T00:00:33.562+01:00 DEBUG 38667 --- [variantchessgame] [http-nio-5050-exec-8] o.s.web.servlet.DispatcherServlet        : Completed 200 OK
2024-08-03T00:00:33.944+01:00 DEBUG 38667 --- [variantchessgame] [http-nio-5050-exec-9] o.s.web.servlet.DispatcherServlet        : POST "/api/game/validMoves", parameters={}
2024-08-03T00:00:33.944+01:00 DEBUG 38667 --- [variantchessgame] [http-nio-5050-exec-9] s.w.s.m.m.a.RequestMappingHandlerMapping : Mapped to uk.ac.standrews.variantchessgame.controller.GameController#getValidMoves(ValidMovesRequest)
2024-08-03T00:00:33.945+01:00 DEBUG 38667 --- [variantchessgame] [http-nio-5050-exec-9] m.m.a.RequestResponseBodyMethodProcessor : Read "application/json;charset=UTF-8" to [uk.ac.standrews.variantchessgame.controller.GameController$ValidMovesRequest@519d38e2]
2024-08-03T00:00:33.945+01:00 DEBUG 38667 --- [variantchessgame] [http-nio-5050-exec-9] m.m.a.RequestResponseBodyMethodProcessor : Using 'application/json', given [*/*] and supported [application/json, application/*+json]
2024-08-03T00:00:33.945+01:00 DEBUG 38667 --- [variantchessgame] [http-nio-5050-exec-9] m.m.a.RequestResponseBodyMethodProcessor : Writing [[uk.ac.standrews.variantchessgame.model.VariantChessMove@5d3a9ffa, uk.ac.standrews.variantchessgame. (truncated)...]
2024-08-03T00:00:33.945+01:00 DEBUG 38667 --- [variantchessgame] [http-nio-5050-exec-9] o.s.web.servlet.DispatcherServlet        : Completed 200 OK
